2021-01-20 10:00:51,469 [Worker-4: Loading available Gradle versions] INFO  o.e.b.c.i.u.g.PublishedGradleVersions - Gradle version information cache is up-to-date. Trying to read.
2021-01-20 10:04:37,719 [Worker-6: Creating project "pillReminderJava"] INFO  o.e.m.c.i.l.LifecycleMappingFactory - Using org.eclipse.m2e.jdt.JarLifecycleMapping lifecycle mapping for MavenProject: com.dassault:pillReminderJava:1.0.0 @ F:\workspace\pillReminder\backend-workspace\pillReminderJava\pom.xml.
2021-01-20 10:04:39,366 [Worker-6: Creating project "pillReminderJava"] INFO  o.e.m.j.i.AbstractJavaProjectConfigurator - Adding source folder /pillReminderJava/src/main/java
2021-01-20 10:04:39,390 [Worker-6: Creating project "pillReminderJava"] INFO  o.e.m.j.i.AbstractJavaProjectConfigurator - Adding resource folder /pillReminderJava/src/main/resources
2021-01-20 10:04:39,392 [Worker-6: Creating project "pillReminderJava"] INFO  o.e.m.j.i.AbstractJavaProjectConfigurator - Adding source folder /pillReminderJava/src/test/java
2021-01-20 10:04:39,393 [Worker-6: Creating project "pillReminderJava"] INFO  o.e.m.j.i.AbstractJavaProjectConfigurator - Adding resource folder /pillReminderJava/src/test/resources
2021-01-20 10:04:55,922 [Worker-14: Building] WARN  o.e.m.c.i.embedder.EclipseLogger - Using platform encoding (Cp1252 actually) to copy filtered resources, i.e. build is platform dependent!
2021-01-20 10:04:56,002 [Worker-14: Building] INFO  o.e.m.c.i.embedder.EclipseLogger - Copying 0 resource
2021-01-20 10:04:56,023 [Worker-14: Building] WARN  o.e.m.c.i.embedder.EclipseLogger - Using platform encoding (Cp1252 actually) to copy filtered resources, i.e. build is platform dependent!
2021-01-20 10:04:56,039 [Worker-14: Building] INFO  o.e.m.c.i.embedder.EclipseLogger - Copying 0 resource
2021-01-20 10:05:28,255 [Worker-11: Building] INFO  o.e.m.c.i.l.LifecycleMappingFactory - Using org.eclipse.m2e.jdt.JarLifecycleMapping lifecycle mapping for MavenProject: com.dassault:pillReminderJava:1.0.0 @ F:\workspace\pillReminder\backend-workspace\pillReminderJava\pom.xml.
2021-01-20 10:06:02,156 [Worker-11: Building] INFO  o.e.m.c.i.embedder.EclipseLogger - Using 'UTF-8' encoding to copy filtered resources.
2021-01-20 10:06:02,157 [Worker-11: Building] INFO  o.e.m.c.i.embedder.EclipseLogger - Using 'UTF-8' encoding to copy filtered properties files.
2021-01-20 10:06:02,162 [Worker-11: Building] INFO  o.e.m.c.i.embedder.EclipseLogger - Copying 0 resource
2021-01-20 10:06:02,162 [Worker-11: Building] INFO  o.e.m.c.i.embedder.EclipseLogger - Copying 0 resource
2021-01-20 10:06:02,167 [Worker-11: Building] INFO  o.e.m.c.i.embedder.EclipseLogger - Using 'UTF-8' encoding to copy filtered resources.
2021-01-20 10:06:02,168 [Worker-11: Building] INFO  o.e.m.c.i.embedder.EclipseLogger - Using 'UTF-8' encoding to copy filtered properties files.
2021-01-20 10:06:02,168 [Worker-11: Building] INFO  o.e.m.c.i.embedder.EclipseLogger - Copying 0 resource
2021-01-20 10:08:51,677 [Worker-11: Updating Maven Project] INFO  o.e.m.c.i.p.ProjectConfigurationManager - Update started
2021-01-20 10:08:53,546 [Worker-11: Updating Maven Project] INFO  o.e.m.c.i.l.LifecycleMappingFactory - Using org.eclipse.m2e.jdt.JarLifecycleMapping lifecycle mapping for MavenProject: com.dassault:pillReminderJava:1.0.0 @ F:\workspace\pillReminder\backend-workspace\pillReminderJava\pom.xml.
2021-01-20 10:08:54,990 [Worker-11: Updating Maven Project] INFO  o.e.m.j.i.AbstractJavaProjectConfigurator - Adding source folder /pillReminderJava/src/main/java
2021-01-20 10:08:54,990 [Worker-11: Updating Maven Project] INFO  o.e.m.j.i.AbstractJavaProjectConfigurator - Adding resource folder /pillReminderJava/src/main/resources
2021-01-20 10:08:55,016 [Worker-11: Updating Maven Project] INFO  o.e.m.j.i.AbstractJavaProjectConfigurator - Adding resource folder /pillReminderJava/src/main/resources
2021-01-20 10:08:55,038 [Worker-11: Updating Maven Project] INFO  o.e.m.j.i.AbstractJavaProjectConfigurator - Adding source folder /pillReminderJava/src/test/java
2021-01-20 10:08:55,038 [Worker-11: Updating Maven Project] INFO  o.e.m.j.i.AbstractJavaProjectConfigurator - Adding resource folder /pillReminderJava/src/test/resources
2021-01-20 10:08:56,306 [Worker-11: Updating Maven Project] INFO  o.e.m.c.i.p.ProjectConfigurationManager - Update completed: 4 sec
2021-01-20 10:08:57,422 [Worker-11: Building] INFO  o.e.m.c.i.embedder.EclipseLogger - Using 'UTF-8' encoding to copy filtered resources.
2021-01-20 10:08:57,423 [Worker-11: Building] INFO  o.e.m.c.i.embedder.EclipseLogger - Using 'UTF-8' encoding to copy filtered properties files.
2021-01-20 10:08:57,424 [Worker-11: Building] INFO  o.e.m.c.i.embedder.EclipseLogger - Copying 0 resource
2021-01-20 10:08:57,424 [Worker-11: Building] INFO  o.e.m.c.i.embedder.EclipseLogger - Copying 0 resource
2021-01-20 10:08:57,429 [Worker-11: Building] INFO  o.e.m.c.i.embedder.EclipseLogger - Using 'UTF-8' encoding to copy filtered resources.
2021-01-20 10:08:57,429 [Worker-11: Building] INFO  o.e.m.c.i.embedder.EclipseLogger - Using 'UTF-8' encoding to copy filtered properties files.
2021-01-20 10:08:57,430 [Worker-11: Building] INFO  o.e.m.c.i.embedder.EclipseLogger - Copying 0 resource
